<?xml version="1.0" encoding="UTF-8"?>
<testsuite name="com.prince.notekeeper.DataManagerTest" tests="3" skipped="0" failures="0" errors="0" timestamp="2022-11-15T15:19:40" hostname="EDGE" time="0.002">
  <properties/>
  <testcase name="createNewNoteOneStepCreation" classname="com.prince.notekeeper.DataManagerTest" time="0.002"/>
  <testcase name="createNewNote" classname="com.prince.notekeeper.DataManagerTest" time="0.0"/>
  <testcase name="findSimilarNotes" classname="com.prince.notekeeper.DataManagerTest" time="0.0"/>
  <system-out><![CDATA[]]></system-out>
  <system-err><![CDATA[]]></system-err>
</testsuite>
